2013-06-08 12:37:29.622 1. Statement.execute(ALTER TABLE TODO_DEPENDENCIES ADD CONSTRAINT TODO_DEPENDENCIES_FK2 FOREIGN KEY (DEPENDENT_TODO_ID) REFERENCES TODOITEM (TODOITEM_ID) ) ALTER TABLE TODO_DEPENDENCIES ADD CONSTRAINT TODO_DEPENDENCIES_FK2 FOREIGN KEY (DEPENDENT_TODO_ID) REFERENCES TODOITEM (TODOITEM_ID) 
java.sql.SQLSyntaxErrorException: la columna de tipo LOB o ARRAY no se puede usar en esta operaci贸n
	at org.hsqldb.jdbc.Util.sqlException(Unknown Source)
	at org.hsqldb.jdbc.Util.sqlException(Unknown Source)
	at org.hsqldb.jdbc.JDBCStatement.fetchResult(Unknown Source)
	at org.hsqldb.jdbc.JDBCStatement.execute(Unknown Source)
	at net.sf.log4jdbc.StatementSpy.execute(StatementSpy.java:839)
	at org.datanucleus.store.rdbms.datasource.dbcp.DelegatingStatement.execute(DelegatingStatement.java:264)
	at org.datanucleus.store.rdbms.datasource.dbcp.DelegatingStatement.execute(DelegatingStatement.java:264)
	at org.datanucleus.store.rdbms.table.AbstractTable.executeDdlStatement(AbstractTable.java:761)
	at org.datanucleus.store.rdbms.table.TableImpl.createForeignKeys(TableImpl.java:529)
	at org.datanucleus.store.rdbms.table.TableImpl.createConstraints(TableImpl.java:431)
	at org.datanucleus.store.rdbms.RDBMSStoreManager$ClassAdder.performTablesValidation(RDBMSStoreManager.java:2678)
	at org.datanucleus.store.rdbms.RDBMSStoreManager$ClassAdder.addClassTablesAndValidate(RDBMSStoreManager.java:2411)
	at org.datanucleus.store.rdbms.RDBMSStoreManager$ClassAdder.run(RDBMSStoreManager.java:2050)
	at org.datanucleus.store.rdbms.AbstractSchemaTransaction.execute(AbstractSchemaTransaction.java:113)
	at org.datanucleus.store.rdbms.RDBMSStoreManager.createSchema(RDBMSStoreManager.java:3190)
	at org.apache.isis.objectstore.jdo.datanucleus.DataNucleusApplicationComponents.createSchema(DataNucleusApplicationComponents.java:77)
	at org.apache.isis.objectstore.jdo.datanucleus.DataNucleusApplicationComponents.<init>(DataNucleusApplicationComponents.java:65)
	at org.apache.isis.objectstore.jdo.datanucleus.DataNucleusPersistenceMechanismInstaller.createDataNucleusApplicationComponentsIfRequired(DataNucleusPersistenceMechanismInstaller.java:130)
	at org.apache.isis.objectstore.jdo.datanucleus.DataNucleusPersistenceMechanismInstaller.createObjectStore(DataNucleusPersistenceMechanismInstaller.java:117)
	at org.apache.isis.core.runtime.installerregistry.installerapi.PersistenceMechanismInstallerAbstract.createPersistenceSession(PersistenceMechanismInstallerAbstract.java:130)
	at org.apache.isis.objectstore.jdo.datanucleus.DataNucleusPersistenceMechanismInstaller.createPersistenceSession(DataNucleusPersistenceMechanismInstaller.java:164)
	at org.apache.isis.core.runtime.persistence.PersistenceSessionFactoryDelegating.createPersistenceSession(PersistenceSessionFactoryDelegating.java:90)
	at org.apache.isis.core.runtime.system.session.IsisSessionFactoryAbstract.openSession(IsisSessionFactoryAbstract.java:133)
	at org.apache.isis.viewer.wicket.viewer.integration.isis.IsisContextForWicket.openSessionInstance(IsisContextForWicket.java:332)
	at org.apache.isis.core.runtime.system.context.IsisContext.openSession(IsisContext.java:266)
	at org.apache.isis.core.runtime.systemusinginstallers.IsisSystemAbstract.installFixturesIfRequired(IsisSystemAbstract.java:113)
	at org.apache.isis.core.runtime.system.IsisSystemFixturesHookAbstract.init(IsisSystemFixturesHookAbstract.java:131)
	at org.apache.isis.core.runtime.runner.IsisInjectModule.provideIsisSystem(IsisInjectModule.java:139)
	at sun.reflect.NativeMethodAccessorImpl.invoke0(Native Method)
	at sun.reflect.NativeMethodAccessorImpl.invoke(NativeMethodAccessorImpl.java:57)
	at sun.reflect.DelegatingMethodAccessorImpl.invoke(DelegatingMethodAccessorImpl.java:43)
	at java.lang.reflect.Method.invoke(Method.java:601)
	at com.google.inject.internal.ProviderMethod.get(ProviderMethod.java:104)
	at com.google.inject.internal.InternalFactoryToProviderAdapter.get(InternalFactoryToProviderAdapter.java:40)
	at com.google.inject.internal.ProviderToInternalFactoryAdapter$1.call(ProviderToInternalFactoryAdapter.java:46)
	at com.google.inject.internal.InjectorImpl.callInContext(InjectorImpl.java:1031)
	at com.google.inject.internal.ProviderToInternalFactoryAdapter.get(ProviderToInternalFactoryAdapter.java:40)
	at com.google.inject.Scopes$1$1.get(Scopes.java:65)
	at com.google.inject.internal.InternalFactoryToProviderAdapter.get(InternalFactoryToProviderAdapter.java:40)
	at com.google.inject.internal.SingleFieldInjector.inject(SingleFieldInjector.java:53)
	at com.google.inject.internal.MembersInjectorImpl.injectMembers(MembersInjectorImpl.java:110)
	at com.google.inject.internal.MembersInjectorImpl$1.call(MembersInjectorImpl.java:75)
	at com.google.inject.internal.MembersInjectorImpl$1.call(MembersInjectorImpl.java:73)
	at com.google.inject.internal.InjectorImpl.callInContext(InjectorImpl.java:1024)
	at com.google.inject.internal.MembersInjectorImpl.injectAndNotify(MembersInjectorImpl.java:73)
	at com.google.inject.internal.MembersInjectorImpl.injectMembers(MembersInjectorImpl.java:60)
	at com.google.inject.internal.InjectorImpl.injectMembers(InjectorImpl.java:944)
	at org.apache.isis.viewer.wicket.viewer.IsisWicketApplication.init(IsisWicketApplication.java:193)
	at org.apache.wicket.Application.initApplication(Application.java:818)
	at org.apache.wicket.protocol.http.WicketFilter.init(WicketFilter.java:409)
	at org.apache.wicket.protocol.http.WicketFilter.init(WicketFilter.java:336)
	at org.mortbay.jetty.servlet.FilterHolder.doStart(FilterHolder.java:97)
	at org.mortbay.component.AbstractLifeCycle.start(AbstractLifeCycle.java:50)
	at org.mortbay.jetty.servlet.ServletHandler.initialize(ServletHandler.java:713)
	at org.mortbay.jetty.servlet.Context.startContext(Context.java:140)
	at org.mortbay.jetty.webapp.WebAppContext.startContext(WebAppContext.java:1282)
	at org.mortbay.jetty.handler.ContextHandler.doStart(ContextHandler.java:518)
	at org.mortbay.jetty.webapp.WebAppContext.doStart(WebAppContext.java:499)
	at org.mortbay.component.AbstractLifeCycle.start(AbstractLifeCycle.java:50)
	at org.mortbay.jetty.handler.HandlerWrapper.doStart(HandlerWrapper.java:130)
	at org.mortbay.jetty.Server.doStart(Server.java:224)
	at org.mortbay.component.AbstractLifeCycle.start(AbstractLifeCycle.java:50)
	at org.apache.isis.core.webserver.WebServerBootstrapper.bootstrap(WebServerBootstrapper.java:88)
	at org.apache.isis.core.webserver.WebServer.run(WebServer.java:93)
	at org.apache.isis.core.webserver.WebServer.main(WebServer.java:69)
	at org.apache.isis.WebServer.main(WebServer.java:25)
Caused by: org.hsqldb.HsqlException: la columna de tipo LOB o ARRAY no se puede usar en esta operaci贸n
	at org.hsqldb.error.Error.error(Unknown Source)
	at org.hsqldb.error.Error.error(Unknown Source)
	at org.hsqldb.Constraint.setColumnsIndexes(Unknown Source)
	at org.hsqldb.ParserDDL.compileAlterTableAddForeignKeyConstraint(Unknown Source)
	at org.hsqldb.ParserDDL.compileAlterTable(Unknown Source)
	at org.hsqldb.ParserDDL.compileAlter(Unknown Source)
	at org.hsqldb.ParserCommand.compilePart(Unknown Source)
	at org.hsqldb.ParserCommand.compileStatements(Unknown Source)
	at org.hsqldb.Session.executeDirectStatement(Unknown Source)
	at org.hsqldb.Session.execute(Unknown Source)
	... 64 more
2013-06-08 12:37:29.633 1. Statement.execute(ALTER TABLE TODO_DEPENDENCIES ADD CONSTRAINT TODO_DEPENDENCIES_FK1 FOREIGN KEY (DEPENDING_TODO_ID) REFERENCES TODOITEM (TODOITEM_ID) ) ALTER TABLE TODO_DEPENDENCIES ADD CONSTRAINT TODO_DEPENDENCIES_FK1 FOREIGN KEY (DEPENDING_TODO_ID) REFERENCES TODOITEM (TODOITEM_ID) 
java.sql.SQLSyntaxErrorException: la columna de tipo LOB o ARRAY no se puede usar en esta operaci贸n
	at org.hsqldb.jdbc.Util.sqlException(Unknown Source)
	at org.hsqldb.jdbc.Util.sqlException(Unknown Source)
	at org.hsqldb.jdbc.JDBCStatement.fetchResult(Unknown Source)
	at org.hsqldb.jdbc.JDBCStatement.execute(Unknown Source)
	at net.sf.log4jdbc.StatementSpy.execute(StatementSpy.java:839)
	at org.datanucleus.store.rdbms.datasource.dbcp.DelegatingStatement.execute(DelegatingStatement.java:264)
	at org.datanucleus.store.rdbms.datasource.dbcp.DelegatingStatement.execute(DelegatingStatement.java:264)
	at org.datanucleus.store.rdbms.table.AbstractTable.executeDdlStatement(AbstractTable.java:761)
	at org.datanucleus.store.rdbms.table.TableImpl.createForeignKeys(TableImpl.java:529)
	at org.datanucleus.store.rdbms.table.TableImpl.createConstraints(TableImpl.java:431)
	at org.datanucleus.store.rdbms.RDBMSStoreManager$ClassAdder.performTablesValidation(RDBMSStoreManager.java:2678)
	at org.datanucleus.store.rdbms.RDBMSStoreManager$ClassAdder.addClassTablesAndValidate(RDBMSStoreManager.java:2411)
	at org.datanucleus.store.rdbms.RDBMSStoreManager$ClassAdder.run(RDBMSStoreManager.java:2050)
	at org.datanucleus.store.rdbms.AbstractSchemaTransaction.execute(AbstractSchemaTransaction.java:113)
	at org.datanucleus.store.rdbms.RDBMSStoreManager.createSchema(RDBMSStoreManager.java:3190)
	at org.apache.isis.objectstore.jdo.datanucleus.DataNucleusApplicationComponents.createSchema(DataNucleusApplicationComponents.java:77)
	at org.apache.isis.objectstore.jdo.datanucleus.DataNucleusApplicationComponents.<init>(DataNucleusApplicationComponents.java:65)
	at org.apache.isis.objectstore.jdo.datanucleus.DataNucleusPersistenceMechanismInstaller.createDataNucleusApplicationComponentsIfRequired(DataNucleusPersistenceMechanismInstaller.java:130)
	at org.apache.isis.objectstore.jdo.datanucleus.DataNucleusPersistenceMechanismInstaller.createObjectStore(DataNucleusPersistenceMechanismInstaller.java:117)
	at org.apache.isis.core.runtime.installerregistry.installerapi.PersistenceMechanismInstallerAbstract.createPersistenceSession(PersistenceMechanismInstallerAbstract.java:130)
	at org.apache.isis.objectstore.jdo.datanucleus.DataNucleusPersistenceMechanismInstaller.createPersistenceSession(DataNucleusPersistenceMechanismInstaller.java:164)
	at org.apache.isis.core.runtime.persistence.PersistenceSessionFactoryDelegating.createPersistenceSession(PersistenceSessionFactoryDelegating.java:90)
	at org.apache.isis.core.runtime.system.session.IsisSessionFactoryAbstract.openSession(IsisSessionFactoryAbstract.java:133)
	at org.apache.isis.viewer.wicket.viewer.integration.isis.IsisContextForWicket.openSessionInstance(IsisContextForWicket.java:332)
	at org.apache.isis.core.runtime.system.context.IsisContext.openSession(IsisContext.java:266)
	at org.apache.isis.core.runtime.systemusinginstallers.IsisSystemAbstract.installFixturesIfRequired(IsisSystemAbstract.java:113)
	at org.apache.isis.core.runtime.system.IsisSystemFixturesHookAbstract.init(IsisSystemFixturesHookAbstract.java:131)
	at org.apache.isis.core.runtime.runner.IsisInjectModule.provideIsisSystem(IsisInjectModule.java:139)
	at sun.reflect.NativeMethodAccessorImpl.invoke0(Native Method)
	at sun.reflect.NativeMethodAccessorImpl.invoke(NativeMethodAccessorImpl.java:57)
	at sun.reflect.DelegatingMethodAccessorImpl.invoke(DelegatingMethodAccessorImpl.java:43)
	at java.lang.reflect.Method.invoke(Method.java:601)
	at com.google.inject.internal.ProviderMethod.get(ProviderMethod.java:104)
	at com.google.inject.internal.InternalFactoryToProviderAdapter.get(InternalFactoryToProviderAdapter.java:40)
	at com.google.inject.internal.ProviderToInternalFactoryAdapter$1.call(ProviderToInternalFactoryAdapter.java:46)
	at com.google.inject.internal.InjectorImpl.callInContext(InjectorImpl.java:1031)
	at com.google.inject.internal.ProviderToInternalFactoryAdapter.get(ProviderToInternalFactoryAdapter.java:40)
	at com.google.inject.Scopes$1$1.get(Scopes.java:65)
	at com.google.inject.internal.InternalFactoryToProviderAdapter.get(InternalFactoryToProviderAdapter.java:40)
	at com.google.inject.internal.SingleFieldInjector.inject(SingleFieldInjector.java:53)
	at com.google.inject.internal.MembersInjectorImpl.injectMembers(MembersInjectorImpl.java:110)
	at com.google.inject.internal.MembersInjectorImpl$1.call(MembersInjectorImpl.java:75)
	at com.google.inject.internal.MembersInjectorImpl$1.call(MembersInjectorImpl.java:73)
	at com.google.inject.internal.InjectorImpl.callInContext(InjectorImpl.java:1024)
	at com.google.inject.internal.MembersInjectorImpl.injectAndNotify(MembersInjectorImpl.java:73)
	at com.google.inject.internal.MembersInjectorImpl.injectMembers(MembersInjectorImpl.java:60)
	at com.google.inject.internal.InjectorImpl.injectMembers(InjectorImpl.java:944)
	at org.apache.isis.viewer.wicket.viewer.IsisWicketApplication.init(IsisWicketApplication.java:193)
	at org.apache.wicket.Application.initApplication(Application.java:818)
	at org.apache.wicket.protocol.http.WicketFilter.init(WicketFilter.java:409)
	at org.apache.wicket.protocol.http.WicketFilter.init(WicketFilter.java:336)
	at org.mortbay.jetty.servlet.FilterHolder.doStart(FilterHolder.java:97)
	at org.mortbay.component.AbstractLifeCycle.start(AbstractLifeCycle.java:50)
	at org.mortbay.jetty.servlet.ServletHandler.initialize(ServletHandler.java:713)
	at org.mortbay.jetty.servlet.Context.startContext(Context.java:140)
	at org.mortbay.jetty.webapp.WebAppContext.startContext(WebAppContext.java:1282)
	at org.mortbay.jetty.handler.ContextHandler.doStart(ContextHandler.java:518)
	at org.mortbay.jetty.webapp.WebAppContext.doStart(WebAppContext.java:499)
	at org.mortbay.component.AbstractLifeCycle.start(AbstractLifeCycle.java:50)
	at org.mortbay.jetty.handler.HandlerWrapper.doStart(HandlerWrapper.java:130)
	at org.mortbay.jetty.Server.doStart(Server.java:224)
	at org.mortbay.component.AbstractLifeCycle.start(AbstractLifeCycle.java:50)
	at org.apache.isis.core.webserver.WebServerBootstrapper.bootstrap(WebServerBootstrapper.java:88)
	at org.apache.isis.core.webserver.WebServer.run(WebServer.java:93)
	at org.apache.isis.core.webserver.WebServer.main(WebServer.java:69)
	at org.apache.isis.WebServer.main(WebServer.java:25)
Caused by: org.hsqldb.HsqlException: la columna de tipo LOB o ARRAY no se puede usar en esta operaci贸n
	at org.hsqldb.error.Error.error(Unknown Source)
	at org.hsqldb.error.Error.error(Unknown Source)
	at org.hsqldb.Constraint.setColumnsIndexes(Unknown Source)
	at org.hsqldb.ParserDDL.compileAlterTableAddForeignKeyConstraint(Unknown Source)
	at org.hsqldb.ParserDDL.compileAlterTable(Unknown Source)
	at org.hsqldb.ParserDDL.compileAlter(Unknown Source)
	at org.hsqldb.ParserCommand.compilePart(Unknown Source)
	at org.hsqldb.ParserCommand.compileStatements(Unknown Source)
	at org.hsqldb.Session.executeDirectStatement(Unknown Source)
	at org.hsqldb.Session.execute(Unknown Source)
	... 64 more
