-----> 2013-06-08 12:37:28.844  org.datanucleus.store.rdbms.datasource.dbcp.DelegatingStatement.execute(DelegatingStatement.java:264)
1. CREATE TABLE DELETEME1370705848819 ( UNUSED INTEGER NOT NULL ) 

-----> 2013-06-08 12:37:28.862  org.datanucleus.store.rdbms.datasource.dbcp.DelegatingStatement.execute(DelegatingStatement.java:264)
1. DROP TABLE DELETEME1370705848819 

-----> 2013-06-08 12:37:29.555  org.datanucleus.store.rdbms.datasource.dbcp.DelegatingStatement.execute(DelegatingStatement.java:264)
1. CREATE TABLE TODOITEM ( TODOITEM_ID BIGINT GENERATED BY DEFAULT AS IDENTITY, ATTACHMENT BLOB 
NULL, CATEGORY NVARCHAR(255) NULL, COMPLETE BOOLEAN NOT NULL, DUEBY DATE NULL, NOTES NVARCHAR(255) 
NULL, OWNEDBY NVARCHAR(255) NULL, VERSION BIGINT NOT NULL, CONSTRAINT TODOITEM_PK PRIMARY KEY 
(TODOITEM_ID) ) 

-----> 2013-06-08 12:37:29.564  org.datanucleus.store.rdbms.datasource.dbcp.DelegatingStatement.execute(DelegatingStatement.java:264)
1. CREATE TABLE MARCAS ( MARCAS_ID BIGINT GENERATED BY DEFAULT AS IDENTITY, MARCA NVARCHAR(255) 
NULL, CONSTRAINT MARCAS_PK PRIMARY KEY (MARCAS_ID) ) 

-----> 2013-06-08 12:37:29.573  org.datanucleus.store.rdbms.datasource.dbcp.DelegatingStatement.execute(DelegatingStatement.java:264)
1. CREATE TABLE AUTOS ( AUTOS_ID BIGINT GENERATED BY DEFAULT AS IDENTITY, ANIO INTEGER NOT NULL, 
BAUL NVARCHAR(255) NULL, CATEGORIA NVARCHAR(255) NULL, COLOR NVARCHAR(255) NULL, COMBUSTIBLE 
NVARCHAR(255) NULL, COMPLETE BOOLEAN NOT NULL, ESTADO NVARCHAR(255) NULL, FECHACOMPRA TIMESTAMP 
NULL, KMS NVARCHAR(255) NULL, MARCA NVARCHAR(255) NULL, MODELO NVARCHAR(255) NULL, OWNEDBY 
NVARCHAR(255) NULL, PATENTE NVARCHAR(255) NULL, SEGURO NVARCHAR(255) NULL, VERSION BIGINT NOT 
NULL, CONSTRAINT AUTOS_PK PRIMARY KEY (AUTOS_ID) ) 

-----> 2013-06-08 12:37:29.584  org.datanucleus.store.rdbms.datasource.dbcp.DelegatingStatement.execute(DelegatingStatement.java:264)
1. CREATE TABLE AUDITENTRY ( AUDITENTRY_ID NVARCHAR(255) NOT NULL, IDENTIFIER NVARCHAR(255) NULL, 
OBJECTTYPE NVARCHAR(255) NULL, POSTVALUE NVARCHAR(255) NULL, PREVALUE NVARCHAR(255) NULL, TIMESTAMPEPOCH 
BIGINT NULL, "USER" NVARCHAR(255) NULL, CONSTRAINT AUDITENTRY_PK PRIMARY KEY (AUDITENTRY_ID) 
) 

-----> 2013-06-08 12:37:29.600  org.datanucleus.store.rdbms.datasource.dbcp.DelegatingStatement.execute(DelegatingStatement.java:264)
1. CREATE TABLE TODO_DEPENDENCIES ( DEPENDING_TODO_ID BLOB NOT NULL, DEPENDENT_TODO_ID BLOB NOT 
NULL, IDX INTEGER NOT NULL, CONSTRAINT TODO_DEPENDENCIES_PK PRIMARY KEY (IDX) ) 

-----> 2013-06-08 12:37:29.618  org.datanucleus.store.rdbms.datasource.dbcp.DelegatingStatement.execute(DelegatingStatement.java:264)
1. ALTER TABLE TODO_DEPENDENCIES ADD CONSTRAINT TODO_DEPENDENCIES_FK2 FOREIGN KEY (DEPENDENT_TODO_ID) 
REFERENCES TODOITEM (TODOITEM_ID) 

-----> 2013-06-08 12:37:29.628  org.datanucleus.store.rdbms.datasource.dbcp.DelegatingStatement.execute(DelegatingStatement.java:264)
1. ALTER TABLE TODO_DEPENDENCIES ADD CONSTRAINT TODO_DEPENDENCIES_FK2 FOREIGN KEY (DEPENDENT_TODO_ID) REFERENCES TODOITEM (TODOITEM_ID) 



java.sql.SQLSyntaxErrorException: la columna de tipo LOB o ARRAY no se puede usar en esta operaci贸n
	at org.hsqldb.jdbc.Util.sqlException(Unknown Source)
	at org.hsqldb.jdbc.Util.sqlException(Unknown Source)
	at org.hsqldb.jdbc.JDBCStatement.fetchResult(Unknown Source)
	at org.hsqldb.jdbc.JDBCStatement.execute(Unknown Source)
	at net.sf.log4jdbc.StatementSpy.execute(StatementSpy.java:839)
	at org.datanucleus.store.rdbms.datasource.dbcp.DelegatingStatement.execute(DelegatingStatement.java:264)
	at org.datanucleus.store.rdbms.datasource.dbcp.DelegatingStatement.execute(DelegatingStatement.java:264)
	at org.datanucleus.store.rdbms.table.AbstractTable.executeDdlStatement(AbstractTable.java:761)
	at org.datanucleus.store.rdbms.table.TableImpl.createForeignKeys(TableImpl.java:529)
	at org.datanucleus.store.rdbms.table.TableImpl.createConstraints(TableImpl.java:431)
	at org.datanucleus.store.rdbms.RDBMSStoreManager$ClassAdder.performTablesValidation(RDBMSStoreManager.java:2678)
	at org.datanucleus.store.rdbms.RDBMSStoreManager$ClassAdder.addClassTablesAndValidate(RDBMSStoreManager.java:2411)
	at org.datanucleus.store.rdbms.RDBMSStoreManager$ClassAdder.run(RDBMSStoreManager.java:2050)
	at org.datanucleus.store.rdbms.AbstractSchemaTransaction.execute(AbstractSchemaTransaction.java:113)
	at org.datanucleus.store.rdbms.RDBMSStoreManager.createSchema(RDBMSStoreManager.java:3190)
	at org.apache.isis.objectstore.jdo.datanucleus.DataNucleusApplicationComponents.createSchema(DataNucleusApplicationComponents.java:77)
	at org.apache.isis.objectstore.jdo.datanucleus.DataNucleusApplicationComponents.<init>(DataNucleusApplicationComponents.java:65)
	at org.apache.isis.objectstore.jdo.datanucleus.DataNucleusPersistenceMechanismInstaller.createDataNucleusApplicationComponentsIfRequired(DataNucleusPersistenceMechanismInstaller.java:130)
	at org.apache.isis.objectstore.jdo.datanucleus.DataNucleusPersistenceMechanismInstaller.createObjectStore(DataNucleusPersistenceMechanismInstaller.java:117)
	at org.apache.isis.core.runtime.installerregistry.installerapi.PersistenceMechanismInstallerAbstract.createPersistenceSession(PersistenceMechanismInstallerAbstract.java:130)
	at org.apache.isis.objectstore.jdo.datanucleus.DataNucleusPersistenceMechanismInstaller.createPersistenceSession(DataNucleusPersistenceMechanismInstaller.java:164)
	at org.apache.isis.core.runtime.persistence.PersistenceSessionFactoryDelegating.createPersistenceSession(PersistenceSessionFactoryDelegating.java:90)
	at org.apache.isis.core.runtime.system.session.IsisSessionFactoryAbstract.openSession(IsisSessionFactoryAbstract.java:133)
	at org.apache.isis.viewer.wicket.viewer.integration.isis.IsisContextForWicket.openSessionInstance(IsisContextForWicket.java:332)
	at org.apache.isis.core.runtime.system.context.IsisContext.openSession(IsisContext.java:266)
	at org.apache.isis.core.runtime.systemusinginstallers.IsisSystemAbstract.installFixturesIfRequired(IsisSystemAbstract.java:113)
	at org.apache.isis.core.runtime.system.IsisSystemFixturesHookAbstract.init(IsisSystemFixturesHookAbstract.java:131)
	at org.apache.isis.core.runtime.runner.IsisInjectModule.provideIsisSystem(IsisInjectModule.java:139)
	at sun.reflect.NativeMethodAccessorImpl.invoke0(Native Method)
	at sun.reflect.NativeMethodAccessorImpl.invoke(NativeMethodAccessorImpl.java:57)
	at sun.reflect.DelegatingMethodAccessorImpl.invoke(DelegatingMethodAccessorImpl.java:43)
	at java.lang.reflect.Method.invoke(Method.java:601)
	at com.google.inject.internal.ProviderMethod.get(ProviderMethod.java:104)
	at com.google.inject.internal.InternalFactoryToProviderAdapter.get(InternalFactoryToProviderAdapter.java:40)
	at com.google.inject.internal.ProviderToInternalFactoryAdapter$1.call(ProviderToInternalFactoryAdapter.java:46)
	at com.google.inject.internal.InjectorImpl.callInContext(InjectorImpl.java:1031)
	at com.google.inject.internal.ProviderToInternalFactoryAdapter.get(ProviderToInternalFactoryAdapter.java:40)
	at com.google.inject.Scopes$1$1.get(Scopes.java:65)
	at com.google.inject.internal.InternalFactoryToProviderAdapter.get(InternalFactoryToProviderAdapter.java:40)
	at com.google.inject.internal.SingleFieldInjector.inject(SingleFieldInjector.java:53)
	at com.google.inject.internal.MembersInjectorImpl.injectMembers(MembersInjectorImpl.java:110)
	at com.google.inject.internal.MembersInjectorImpl$1.call(MembersInjectorImpl.java:75)
	at com.google.inject.internal.MembersInjectorImpl$1.call(MembersInjectorImpl.java:73)
	at com.google.inject.internal.InjectorImpl.callInContext(InjectorImpl.java:1024)
	at com.google.inject.internal.MembersInjectorImpl.injectAndNotify(MembersInjectorImpl.java:73)
	at com.google.inject.internal.MembersInjectorImpl.injectMembers(MembersInjectorImpl.java:60)
	at com.google.inject.internal.InjectorImpl.injectMembers(InjectorImpl.java:944)
	at org.apache.isis.viewer.wicket.viewer.IsisWicketApplication.init(IsisWicketApplication.java:193)
	at org.apache.wicket.Application.initApplication(Application.java:818)
	at org.apache.wicket.protocol.http.WicketFilter.init(WicketFilter.java:409)
	at org.apache.wicket.protocol.http.WicketFilter.init(WicketFilter.java:336)
	at org.mortbay.jetty.servlet.FilterHolder.doStart(FilterHolder.java:97)
	at org.mortbay.component.AbstractLifeCycle.start(AbstractLifeCycle.java:50)
	at org.mortbay.jetty.servlet.ServletHandler.initialize(ServletHandler.java:713)
	at org.mortbay.jetty.servlet.Context.startContext(Context.java:140)
	at org.mortbay.jetty.webapp.WebAppContext.startContext(WebAppContext.java:1282)
	at org.mortbay.jetty.handler.ContextHandler.doStart(ContextHandler.java:518)
	at org.mortbay.jetty.webapp.WebAppContext.doStart(WebAppContext.java:499)
	at org.mortbay.component.AbstractLifeCycle.start(AbstractLifeCycle.java:50)
	at org.mortbay.jetty.handler.HandlerWrapper.doStart(HandlerWrapper.java:130)
	at org.mortbay.jetty.Server.doStart(Server.java:224)
	at org.mortbay.component.AbstractLifeCycle.start(AbstractLifeCycle.java:50)
	at org.apache.isis.core.webserver.WebServerBootstrapper.bootstrap(WebServerBootstrapper.java:88)
	at org.apache.isis.core.webserver.WebServer.run(WebServer.java:93)
	at org.apache.isis.core.webserver.WebServer.main(WebServer.java:69)
	at org.apache.isis.WebServer.main(WebServer.java:25)
Caused by: org.hsqldb.HsqlException: la columna de tipo LOB o ARRAY no se puede usar en esta operaci贸n
	at org.hsqldb.error.Error.error(Unknown Source)
	at org.hsqldb.error.Error.error(Unknown Source)
	at org.hsqldb.Constraint.setColumnsIndexes(Unknown Source)
	at org.hsqldb.ParserDDL.compileAlterTableAddForeignKeyConstraint(Unknown Source)
	at org.hsqldb.ParserDDL.compileAlterTable(Unknown Source)
	at org.hsqldb.ParserDDL.compileAlter(Unknown Source)
	at org.hsqldb.ParserCommand.compilePart(Unknown Source)
	at org.hsqldb.ParserCommand.compileStatements(Unknown Source)
	at org.hsqldb.Session.executeDirectStatement(Unknown Source)
	at org.hsqldb.Session.execute(Unknown Source)
	... 64 more
-----> 2013-06-08 12:37:29.632  org.datanucleus.store.rdbms.datasource.dbcp.DelegatingStatement.execute(DelegatingStatement.java:264)
1. ALTER TABLE TODO_DEPENDENCIES ADD CONSTRAINT TODO_DEPENDENCIES_FK1 FOREIGN KEY (DEPENDING_TODO_ID) 
REFERENCES TODOITEM (TODOITEM_ID) 

-----> 2013-06-08 12:37:29.636  org.datanucleus.store.rdbms.datasource.dbcp.DelegatingStatement.execute(DelegatingStatement.java:264)
1. ALTER TABLE TODO_DEPENDENCIES ADD CONSTRAINT TODO_DEPENDENCIES_FK1 FOREIGN KEY (DEPENDING_TODO_ID) REFERENCES TODOITEM (TODOITEM_ID) 

java.sql.SQLSyntaxErrorException: la columna de tipo LOB o ARRAY no se puede usar en esta operaci贸n
	at org.hsqldb.jdbc.Util.sqlException(Unknown Source)
	at org.hsqldb.jdbc.Util.sqlException(Unknown Source)
	at org.hsqldb.jdbc.JDBCStatement.fetchResult(Unknown Source)
	at org.hsqldb.jdbc.JDBCStatement.execute(Unknown Source)
	at net.sf.log4jdbc.StatementSpy.execute(StatementSpy.java:839)
	at org.datanucleus.store.rdbms.datasource.dbcp.DelegatingStatement.execute(DelegatingStatement.java:264)
	at org.datanucleus.store.rdbms.datasource.dbcp.DelegatingStatement.execute(DelegatingStatement.java:264)
	at org.datanucleus.store.rdbms.table.AbstractTable.executeDdlStatement(AbstractTable.java:761)
	at org.datanucleus.store.rdbms.table.TableImpl.createForeignKeys(TableImpl.java:529)
	at org.datanucleus.store.rdbms.table.TableImpl.createConstraints(TableImpl.java:431)
	at org.datanucleus.store.rdbms.RDBMSStoreManager$ClassAdder.performTablesValidation(RDBMSStoreManager.java:2678)
	at org.datanucleus.store.rdbms.RDBMSStoreManager$ClassAdder.addClassTablesAndValidate(RDBMSStoreManager.java:2411)
	at org.datanucleus.store.rdbms.RDBMSStoreManager$ClassAdder.run(RDBMSStoreManager.java:2050)
	at org.datanucleus.store.rdbms.AbstractSchemaTransaction.execute(AbstractSchemaTransaction.java:113)
	at org.datanucleus.store.rdbms.RDBMSStoreManager.createSchema(RDBMSStoreManager.java:3190)
	at org.apache.isis.objectstore.jdo.datanucleus.DataNucleusApplicationComponents.createSchema(DataNucleusApplicationComponents.java:77)
	at org.apache.isis.objectstore.jdo.datanucleus.DataNucleusApplicationComponents.<init>(DataNucleusApplicationComponents.java:65)
	at org.apache.isis.objectstore.jdo.datanucleus.DataNucleusPersistenceMechanismInstaller.createDataNucleusApplicationComponentsIfRequired(DataNucleusPersistenceMechanismInstaller.java:130)
	at org.apache.isis.objectstore.jdo.datanucleus.DataNucleusPersistenceMechanismInstaller.createObjectStore(DataNucleusPersistenceMechanismInstaller.java:117)
	at org.apache.isis.core.runtime.installerregistry.installerapi.PersistenceMechanismInstallerAbstract.createPersistenceSession(PersistenceMechanismInstallerAbstract.java:130)
	at org.apache.isis.objectstore.jdo.datanucleus.DataNucleusPersistenceMechanismInstaller.createPersistenceSession(DataNucleusPersistenceMechanismInstaller.java:164)
	at org.apache.isis.core.runtime.persistence.PersistenceSessionFactoryDelegating.createPersistenceSession(PersistenceSessionFactoryDelegating.java:90)
	at org.apache.isis.core.runtime.system.session.IsisSessionFactoryAbstract.openSession(IsisSessionFactoryAbstract.java:133)
	at org.apache.isis.viewer.wicket.viewer.integration.isis.IsisContextForWicket.openSessionInstance(IsisContextForWicket.java:332)
	at org.apache.isis.core.runtime.system.context.IsisContext.openSession(IsisContext.java:266)
	at org.apache.isis.core.runtime.systemusinginstallers.IsisSystemAbstract.installFixturesIfRequired(IsisSystemAbstract.java:113)
	at org.apache.isis.core.runtime.system.IsisSystemFixturesHookAbstract.init(IsisSystemFixturesHookAbstract.java:131)
	at org.apache.isis.core.runtime.runner.IsisInjectModule.provideIsisSystem(IsisInjectModule.java:139)
	at sun.reflect.NativeMethodAccessorImpl.invoke0(Native Method)
	at sun.reflect.NativeMethodAccessorImpl.invoke(NativeMethodAccessorImpl.java:57)
	at sun.reflect.DelegatingMethodAccessorImpl.invoke(DelegatingMethodAccessorImpl.java:43)
	at java.lang.reflect.Method.invoke(Method.java:601)
	at com.google.inject.internal.ProviderMethod.get(ProviderMethod.java:104)
	at com.google.inject.internal.InternalFactoryToProviderAdapter.get(InternalFactoryToProviderAdapter.java:40)
	at com.google.inject.internal.ProviderToInternalFactoryAdapter$1.call(ProviderToInternalFactoryAdapter.java:46)
	at com.google.inject.internal.InjectorImpl.callInContext(InjectorImpl.java:1031)
	at com.google.inject.internal.ProviderToInternalFactoryAdapter.get(ProviderToInternalFactoryAdapter.java:40)
	at com.google.inject.Scopes$1$1.get(Scopes.java:65)
	at com.google.inject.internal.InternalFactoryToProviderAdapter.get(InternalFactoryToProviderAdapter.java:40)
	at com.google.inject.internal.SingleFieldInjector.inject(SingleFieldInjector.java:53)
	at com.google.inject.internal.MembersInjectorImpl.injectMembers(MembersInjectorImpl.java:110)
	at com.google.inject.internal.MembersInjectorImpl$1.call(MembersInjectorImpl.java:75)
	at com.google.inject.internal.MembersInjectorImpl$1.call(MembersInjectorImpl.java:73)
	at com.google.inject.internal.InjectorImpl.callInContext(InjectorImpl.java:1024)
	at com.google.inject.internal.MembersInjectorImpl.injectAndNotify(MembersInjectorImpl.java:73)
	at com.google.inject.internal.MembersInjectorImpl.injectMembers(MembersInjectorImpl.java:60)
	at com.google.inject.internal.InjectorImpl.injectMembers(InjectorImpl.java:944)
	at org.apache.isis.viewer.wicket.viewer.IsisWicketApplication.init(IsisWicketApplication.java:193)
	at org.apache.wicket.Application.initApplication(Application.java:818)
	at org.apache.wicket.protocol.http.WicketFilter.init(WicketFilter.java:409)
	at org.apache.wicket.protocol.http.WicketFilter.init(WicketFilter.java:336)
	at org.mortbay.jetty.servlet.FilterHolder.doStart(FilterHolder.java:97)
	at org.mortbay.component.AbstractLifeCycle.start(AbstractLifeCycle.java:50)
	at org.mortbay.jetty.servlet.ServletHandler.initialize(ServletHandler.java:713)
	at org.mortbay.jetty.servlet.Context.startContext(Context.java:140)
	at org.mortbay.jetty.webapp.WebAppContext.startContext(WebAppContext.java:1282)
	at org.mortbay.jetty.handler.ContextHandler.doStart(ContextHandler.java:518)
	at org.mortbay.jetty.webapp.WebAppContext.doStart(WebAppContext.java:499)
	at org.mortbay.component.AbstractLifeCycle.start(AbstractLifeCycle.java:50)
	at org.mortbay.jetty.handler.HandlerWrapper.doStart(HandlerWrapper.java:130)
	at org.mortbay.jetty.Server.doStart(Server.java:224)
	at org.mortbay.component.AbstractLifeCycle.start(AbstractLifeCycle.java:50)
	at org.apache.isis.core.webserver.WebServerBootstrapper.bootstrap(WebServerBootstrapper.java:88)
	at org.apache.isis.core.webserver.WebServer.run(WebServer.java:93)
	at org.apache.isis.core.webserver.WebServer.main(WebServer.java:69)
	at org.apache.isis.WebServer.main(WebServer.java:25)
Caused by: org.hsqldb.HsqlException: la columna de tipo LOB o ARRAY no se puede usar en esta operaci贸n
	at org.hsqldb.error.Error.error(Unknown Source)
	at org.hsqldb.error.Error.error(Unknown Source)
	at org.hsqldb.Constraint.setColumnsIndexes(Unknown Source)
	at org.hsqldb.ParserDDL.compileAlterTableAddForeignKeyConstraint(Unknown Source)
	at org.hsqldb.ParserDDL.compileAlterTable(Unknown Source)
	at org.hsqldb.ParserDDL.compileAlter(Unknown Source)
	at org.hsqldb.ParserCommand.compilePart(Unknown Source)
	at org.hsqldb.ParserCommand.compileStatements(Unknown Source)
	at org.hsqldb.Session.executeDirectStatement(Unknown Source)
	at org.hsqldb.Session.execute(Unknown Source)
	... 64 more
-----> 2013-06-08 12:37:29.643  org.datanucleus.store.rdbms.datasource.dbcp.DelegatingStatement.execute(DelegatingStatement.java:264)
1. CREATE INDEX TODO_DEPENDENCIES_N49 ON TODO_DEPENDENCIES (DEPENDING_TODO_ID) 

-----> 2013-06-08 12:37:29.644  org.datanucleus.store.rdbms.datasource.dbcp.DelegatingStatement.execute(DelegatingStatement.java:264)
1. CREATE INDEX TODO_DEPENDENCIES_N50 ON TODO_DEPENDENCIES (DEPENDENT_TODO_ID) 

-----> 2013-06-08 12:37:29.651  org.datanucleus.store.rdbms.datasource.dbcp.DelegatingStatement.execute(DelegatingStatement.java:264)
1. DROP TABLE TODO_DEPENDENCIES 

-----> 2013-06-08 12:37:29.653  org.datanucleus.store.rdbms.datasource.dbcp.DelegatingStatement.execute(DelegatingStatement.java:264)
1. DROP TABLE AUDITENTRY 

-----> 2013-06-08 12:37:29.653  org.datanucleus.store.rdbms.datasource.dbcp.DelegatingStatement.execute(DelegatingStatement.java:264)
1. DROP TABLE AUTOS 

-----> 2013-06-08 12:37:29.654  org.datanucleus.store.rdbms.datasource.dbcp.DelegatingStatement.execute(DelegatingStatement.java:264)
1. DROP TABLE MARCAS 

-----> 2013-06-08 12:37:29.655  org.datanucleus.store.rdbms.datasource.dbcp.DelegatingStatement.execute(DelegatingStatement.java:264)
1. DROP TABLE TODOITEM 

